2019-09-12 10:47:27.345  INFO 9728 --- [restartedMain] com.ggr.blog.BlogApplication             : Starting BlogApplication on MrWRong with PID 9728 (C:\Users\gr\Documents\GGR\blog\target\classes started by gr in C:\Users\gr\Documents\GGR)
2019-09-12 10:47:27.354  INFO 9728 --- [restartedMain] com.ggr.blog.BlogApplication             : The following profiles are active: dev
2019-09-12 10:47:27.586  INFO 9728 --- [restartedMain] .e.DevToolsPropertyDefaultsPostProcessor : Devtools property defaults active! Set 'spring.devtools.add-properties' to 'false' to disable
2019-09-12 10:47:27.586  INFO 9728 --- [restartedMain] .e.DevToolsPropertyDefaultsPostProcessor : For additional web related logging consider setting the 'logging.level.web' property to 'DEBUG'
2019-09-12 10:47:30.499  INFO 9728 --- [restartedMain] .s.d.r.c.RepositoryConfigurationDelegate : Bootstrapping Spring Data repositories in DEFAULT mode.
2019-09-12 10:47:31.082  INFO 9728 --- [restartedMain] .s.d.r.c.RepositoryConfigurationDelegate : Finished Spring Data repository scanning in 469ms. Found 1 repository interfaces.
2019-09-12 10:47:32.516  INFO 9728 --- [restartedMain] trationDelegate$BeanPostProcessorChecker : Bean 'org.springframework.ws.config.annotation.DelegatingWsConfiguration' of type [org.springframework.ws.config.annotation.DelegatingWsConfiguration$$EnhancerBySpringCGLIB$$83ba5657] is not eligible for getting processed by all BeanPostProcessors (for example: not eligible for auto-proxying)
2019-09-12 10:47:32.601  INFO 9728 --- [restartedMain] .w.s.a.s.AnnotationActionEndpointMapping : Supporting [WS-Addressing August 2004, WS-Addressing 1.0]
2019-09-12 10:47:32.648  INFO 9728 --- [restartedMain] trationDelegate$BeanPostProcessorChecker : Bean 'org.springframework.transaction.annotation.ProxyTransactionManagementConfiguration' of type [org.springframework.transaction.annotation.ProxyTransactionManagementConfiguration$$EnhancerBySpringCGLIB$$df229158] is not eligible for getting processed by all BeanPostProcessors (for example: not eligible for auto-proxying)
2019-09-12 10:47:33.601  INFO 9728 --- [restartedMain] o.s.b.w.embedded.tomcat.TomcatWebServer  : Tomcat initialized with port(s): 8081 (http)
2019-09-12 10:47:33.676  INFO 9728 --- [restartedMain] o.apache.catalina.core.StandardService   : Starting service [Tomcat]
2019-09-12 10:47:33.677  INFO 9728 --- [restartedMain] org.apache.catalina.core.StandardEngine  : Starting Servlet engine: [Apache Tomcat/9.0.22]
2019-09-12 10:47:33.710  INFO 9728 --- [restartedMain] o.a.catalina.core.AprLifecycleListener   : An older version [1.2.17] of the APR based Apache Tomcat Native library is installed, while Tomcat recommends a minimum version of [1.2.23]
2019-09-12 10:47:33.711  INFO 9728 --- [restartedMain] o.a.catalina.core.AprLifecycleListener   : Loaded APR based Apache Tomcat Native library [1.2.17] using APR version [1.6.3].
2019-09-12 10:47:33.712  INFO 9728 --- [restartedMain] o.a.catalina.core.AprLifecycleListener   : APR capabilities: IPv6 [true], sendfile [true], accept filters [false], random [true].
2019-09-12 10:47:33.712  INFO 9728 --- [restartedMain] o.a.catalina.core.AprLifecycleListener   : APR/OpenSSL configuration: useAprConnector [false], useOpenSSL [true]
2019-09-12 10:47:34.830  INFO 9728 --- [restartedMain] o.a.catalina.core.AprLifecycleListener   : OpenSSL successfully initialized [OpenSSL 1.0.2o  27 Mar 2018]
2019-09-12 10:47:35.041  INFO 9728 --- [restartedMain] o.a.c.c.C.[Tomcat].[localhost].[/]       : Initializing Spring embedded WebApplicationContext
2019-09-12 10:47:35.041  INFO 9728 --- [restartedMain] o.s.web.context.ContextLoader            : Root WebApplicationContext: initialization completed in 7448 ms
2019-09-12 10:47:35.984  INFO 9728 --- [restartedMain] o.hibernate.jpa.internal.util.LogHelper  : HHH000204: Processing PersistenceUnitInfo [
	name: default
	...]
2019-09-12 10:47:36.744  INFO 9728 --- [restartedMain] org.hibernate.Version                    : HHH000412: Hibernate Core {5.3.10.Final}
2019-09-12 10:47:36.746  INFO 9728 --- [restartedMain] org.hibernate.cfg.Environment            : HHH000206: hibernate.properties not found
2019-09-12 10:47:38.280  INFO 9728 --- [restartedMain] o.hibernate.annotations.common.Version   : HCANN000001: Hibernate Commons Annotations {5.0.4.Final}
2019-09-12 10:47:39.468  INFO 9728 --- [restartedMain] com.alibaba.druid.pool.DruidDataSource   : {dataSource-1,mysqlDataSource} inited
2019-09-12 10:47:39.926  INFO 9728 --- [restartedMain] org.hibernate.dialect.Dialect            : HHH000400: Using dialect: org.hibernate.dialect.MySQL55Dialect
2019-09-12 10:47:40.605  WARN 9728 --- [restartedMain] org.hibernate.id.UUIDHexGenerator        : HHH000409: Using org.hibernate.id.UUIDHexGenerator which does not generate IETF RFC 4122 compliant UUID values; consider using org.hibernate.id.UUIDGenerator instead
2019-09-12 10:47:43.681  INFO 9728 --- [restartedMain] j.LocalContainerEntityManagerFactoryBean : Initialized JPA EntityManagerFactory for persistence unit 'default'
2019-09-12 10:47:44.877  INFO 9728 --- [restartedMain] nfigOne$$EnhancerBySpringCGLIB$$7bbf9a2e : >>>>>>>>>>org.springframework.orm.jpa.JpaTransactionManager
2019-09-12 10:47:45.301  INFO 9728 --- [restartedMain] o.s.s.concurrent.ThreadPoolTaskExecutor  : Initializing ExecutorService 'applicationTaskExecutor'
2019-09-12 10:47:45.801  INFO 9728 --- [restartedMain] o.s.b.d.a.OptionalLiveReloadServer       : LiveReload server is running on port 35729
2019-09-12 10:47:45.941  INFO 9728 --- [restartedMain] o.s.b.w.embedded.tomcat.TomcatWebServer  : Tomcat started on port(s): 8081 (http) with context path ''
2019-09-12 10:47:45.947  INFO 9728 --- [restartedMain] com.ggr.blog.BlogApplication             : Started BlogApplication in 20.617 seconds (JVM running for 23.241)
2019-09-12 10:52:32.405  INFO 9728 --- [http-nio-8081-exec-2] o.a.c.c.C.[Tomcat].[localhost].[/]       : Initializing Spring DispatcherServlet 'dispatcherServlet'
2019-09-12 10:52:32.405  INFO 9728 --- [http-nio-8081-exec-2] o.s.web.servlet.DispatcherServlet        : Initializing Servlet 'dispatcherServlet'
2019-09-12 10:52:32.413  INFO 9728 --- [http-nio-8081-exec-2] o.s.web.servlet.DispatcherServlet        : Completed initialization in 8 ms
2019-09-12 10:55:13.053  INFO 9728 --- [Thread-47] o.s.s.concurrent.ThreadPoolTaskExecutor  : Shutting down ExecutorService 'applicationTaskExecutor'
2019-09-12 10:55:13.059  INFO 9728 --- [Thread-47] com.alibaba.druid.pool.DruidDataSource   : {dataSource-0} closing ...
2019-09-12 10:55:13.065  INFO 9728 --- [Thread-47] com.alibaba.druid.pool.DruidDataSource   : {dataSource-1} closing ...
2019-09-12 10:55:13.079  INFO 9728 --- [Thread-47] com.alibaba.druid.pool.DruidDataSource   : {dataSource-1} closed
2019-09-12 10:55:13.978  INFO 9728 --- [restartedMain] com.ggr.blog.BlogApplication             : Starting BlogApplication on MrWRong with PID 9728 (C:\Users\gr\Documents\GGR\blog\target\classes started by gr in C:\Users\gr\Documents\GGR)
2019-09-12 10:55:13.982  INFO 9728 --- [restartedMain] com.ggr.blog.BlogApplication             : The following profiles are active: dev
2019-09-12 10:55:14.532  INFO 9728 --- [restartedMain] .s.d.r.c.RepositoryConfigurationDelegate : Bootstrapping Spring Data repositories in DEFAULT mode.
2019-09-12 10:55:14.543  INFO 9728 --- [restartedMain] .s.d.r.c.RepositoryConfigurationDelegate : Finished Spring Data repository scanning in 11ms. Found 1 repository interfaces.
2019-09-12 10:55:14.668  INFO 9728 --- [restartedMain] trationDelegate$BeanPostProcessorChecker : Bean 'org.springframework.ws.config.annotation.DelegatingWsConfiguration' of type [org.springframework.ws.config.annotation.DelegatingWsConfiguration$$EnhancerBySpringCGLIB$$83ba5657] is not eligible for getting processed by all BeanPostProcessors (for example: not eligible for auto-proxying)
2019-09-12 10:55:14.670  INFO 9728 --- [restartedMain] .w.s.a.s.AnnotationActionEndpointMapping : Supporting [WS-Addressing August 2004, WS-Addressing 1.0]
2019-09-12 10:55:14.677  INFO 9728 --- [restartedMain] trationDelegate$BeanPostProcessorChecker : Bean 'org.springframework.transaction.annotation.ProxyTransactionManagementConfiguration' of type [org.springframework.transaction.annotation.ProxyTransactionManagementConfiguration$$EnhancerBySpringCGLIB$$df229158] is not eligible for getting processed by all BeanPostProcessors (for example: not eligible for auto-proxying)
2019-09-12 10:55:14.816  INFO 9728 --- [restartedMain] o.s.b.w.embedded.tomcat.TomcatWebServer  : Tomcat initialized with port(s): 8081 (http)
2019-09-12 10:55:14.818  INFO 9728 --- [restartedMain] o.apache.catalina.core.StandardService   : Starting service [Tomcat]
2019-09-12 10:55:14.818  INFO 9728 --- [restartedMain] org.apache.catalina.core.StandardEngine  : Starting Servlet engine: [Apache Tomcat/9.0.22]
2019-09-12 10:55:14.819  INFO 9728 --- [restartedMain] o.a.catalina.core.AprLifecycleListener   : An older version [1.2.17] of the APR based Apache Tomcat Native library is installed, while Tomcat recommends a minimum version of [1.2.23]
2019-09-12 10:55:14.819  INFO 9728 --- [restartedMain] o.a.catalina.core.AprLifecycleListener   : Loaded APR based Apache Tomcat Native library [1.2.17] using APR version [1.6.3].
2019-09-12 10:55:14.820  INFO 9728 --- [restartedMain] o.a.catalina.core.AprLifecycleListener   : APR capabilities: IPv6 [true], sendfile [true], accept filters [false], random [true].
2019-09-12 10:55:14.820  INFO 9728 --- [restartedMain] o.a.catalina.core.AprLifecycleListener   : APR/OpenSSL configuration: useAprConnector [false], useOpenSSL [true]
2019-09-12 10:55:14.821  INFO 9728 --- [restartedMain] o.a.catalina.core.AprLifecycleListener   : OpenSSL successfully initialized [OpenSSL 1.0.2o  27 Mar 2018]
2019-09-12 10:55:14.865  INFO 9728 --- [restartedMain] o.a.c.c.C.[Tomcat].[localhost].[/]       : Initializing Spring embedded WebApplicationContext
2019-09-12 10:55:14.866  INFO 9728 --- [restartedMain] o.s.web.context.ContextLoader            : Root WebApplicationContext: initialization completed in 879 ms
2019-09-12 10:55:14.957  INFO 9728 --- [restartedMain] o.hibernate.jpa.internal.util.LogHelper  : HHH000204: Processing PersistenceUnitInfo [
	name: default
	...]
2019-09-12 10:55:15.001  INFO 9728 --- [restartedMain] com.alibaba.druid.pool.DruidDataSource   : {dataSource-2,mysqlDataSource} inited
2019-09-12 10:55:15.005  INFO 9728 --- [restartedMain] org.hibernate.dialect.Dialect            : HHH000400: Using dialect: org.hibernate.dialect.MySQL55Dialect
2019-09-12 10:55:15.231  INFO 9728 --- [restartedMain] j.LocalContainerEntityManagerFactoryBean : Initialized JPA EntityManagerFactory for persistence unit 'default'
2019-09-12 10:55:15.271  INFO 9728 --- [restartedMain] nfigOne$$EnhancerBySpringCGLIB$$7bbf9a2e : >>>>>>>>>>org.springframework.orm.jpa.JpaTransactionManager
2019-09-12 10:55:15.389  INFO 9728 --- [restartedMain] o.s.s.concurrent.ThreadPoolTaskExecutor  : Initializing ExecutorService 'applicationTaskExecutor'
2019-09-12 10:55:15.695  INFO 9728 --- [restartedMain] o.s.b.d.a.OptionalLiveReloadServer       : LiveReload server is running on port 35729
2019-09-12 10:55:15.773  INFO 9728 --- [restartedMain] o.s.b.w.embedded.tomcat.TomcatWebServer  : Tomcat started on port(s): 8081 (http) with context path ''
2019-09-12 10:55:15.775  INFO 9728 --- [restartedMain] com.ggr.blog.BlogApplication             : Started BlogApplication in 1.888 seconds (JVM running for 473.069)
2019-09-12 10:55:15.778  INFO 9728 --- [restartedMain] .ConditionEvaluationDeltaLoggingListener : Condition evaluation unchanged
2019-09-12 10:56:22.123  INFO 9728 --- [http-nio-8081-exec-2] o.a.c.c.C.[Tomcat].[localhost].[/]       : Initializing Spring DispatcherServlet 'dispatcherServlet'
2019-09-12 10:56:22.126  INFO 9728 --- [http-nio-8081-exec-2] o.s.web.servlet.DispatcherServlet        : Initializing Servlet 'dispatcherServlet'
2019-09-12 10:56:22.131  INFO 9728 --- [http-nio-8081-exec-2] o.s.web.servlet.DispatcherServlet        : Completed initialization in 5 ms
2019-09-12 10:56:22.239  INFO 9728 --- [http-nio-8081-exec-2] o.h.h.i.QueryTranslatorFactoryInitiator  : HHH000397: Using ASTQueryTranslatorFactory
2019-09-12 11:12:23.702  INFO 9728 --- [Thread-55] o.s.s.concurrent.ThreadPoolTaskExecutor  : Shutting down ExecutorService 'applicationTaskExecutor'
2019-09-12 11:12:23.703  INFO 9728 --- [Thread-55] com.alibaba.druid.pool.DruidDataSource   : {dataSource-0} closing ...
2019-09-12 11:12:23.703  INFO 9728 --- [Thread-55] com.alibaba.druid.pool.DruidDataSource   : {dataSource-2} closing ...
2019-09-12 11:12:23.704  INFO 9728 --- [Thread-55] com.alibaba.druid.pool.DruidDataSource   : {dataSource-2} closed
2019-09-12 11:12:24.616  INFO 9728 --- [restartedMain] com.ggr.blog.BlogApplication             : Starting BlogApplication on MrWRong with PID 9728 (C:\Users\gr\Documents\GGR\blog\target\classes started by gr in C:\Users\gr\Documents\GGR)
2019-09-12 11:12:24.620  INFO 9728 --- [restartedMain] com.ggr.blog.BlogApplication             : The following profiles are active: dev
2019-09-12 11:12:25.730  INFO 9728 --- [restartedMain] .s.d.r.c.RepositoryConfigurationDelegate : Bootstrapping Spring Data repositories in DEFAULT mode.
2019-09-12 11:12:25.744  INFO 9728 --- [restartedMain] .s.d.r.c.RepositoryConfigurationDelegate : Finished Spring Data repository scanning in 14ms. Found 1 repository interfaces.
2019-09-12 11:12:25.965  INFO 9728 --- [restartedMain] trationDelegate$BeanPostProcessorChecker : Bean 'org.springframework.ws.config.annotation.DelegatingWsConfiguration' of type [org.springframework.ws.config.annotation.DelegatingWsConfiguration$$EnhancerBySpringCGLIB$$83ba5657] is not eligible for getting processed by all BeanPostProcessors (for example: not eligible for auto-proxying)
2019-09-12 11:12:25.967  INFO 9728 --- [restartedMain] .w.s.a.s.AnnotationActionEndpointMapping : Supporting [WS-Addressing August 2004, WS-Addressing 1.0]
2019-09-12 11:12:25.977  INFO 9728 --- [restartedMain] trationDelegate$BeanPostProcessorChecker : Bean 'org.springframework.transaction.annotation.ProxyTransactionManagementConfiguration' of type [org.springframework.transaction.annotation.ProxyTransactionManagementConfiguration$$EnhancerBySpringCGLIB$$df229158] is not eligible for getting processed by all BeanPostProcessors (for example: not eligible for auto-proxying)
2019-09-12 11:12:26.185  INFO 9728 --- [restartedMain] o.s.b.w.embedded.tomcat.TomcatWebServer  : Tomcat initialized with port(s): 8081 (http)
2019-09-12 11:12:26.198  INFO 9728 --- [restartedMain] o.apache.catalina.core.StandardService   : Starting service [Tomcat]
2019-09-12 11:12:26.198  INFO 9728 --- [restartedMain] org.apache.catalina.core.StandardEngine  : Starting Servlet engine: [Apache Tomcat/9.0.22]
2019-09-12 11:12:26.199  INFO 9728 --- [restartedMain] o.a.catalina.core.AprLifecycleListener   : An older version [1.2.17] of the APR based Apache Tomcat Native library is installed, while Tomcat recommends a minimum version of [1.2.23]
2019-09-12 11:12:26.200  INFO 9728 --- [restartedMain] o.a.catalina.core.AprLifecycleListener   : Loaded APR based Apache Tomcat Native library [1.2.17] using APR version [1.6.3].
2019-09-12 11:12:26.201  INFO 9728 --- [restartedMain] o.a.catalina.core.AprLifecycleListener   : APR capabilities: IPv6 [true], sendfile [true], accept filters [false], random [true].
2019-09-12 11:12:26.204  INFO 9728 --- [restartedMain] o.a.catalina.core.AprLifecycleListener   : APR/OpenSSL configuration: useAprConnector [false], useOpenSSL [true]
2019-09-12 11:12:26.205  INFO 9728 --- [restartedMain] o.a.catalina.core.AprLifecycleListener   : OpenSSL successfully initialized [OpenSSL 1.0.2o  27 Mar 2018]
2019-09-12 11:12:26.332  INFO 9728 --- [restartedMain] o.a.c.c.C.[Tomcat].[localhost].[/]       : Initializing Spring embedded WebApplicationContext
2019-09-12 11:12:26.333  INFO 9728 --- [restartedMain] o.s.web.context.ContextLoader            : Root WebApplicationContext: initialization completed in 1708 ms
2019-09-12 11:12:26.481  INFO 9728 --- [restartedMain] o.hibernate.jpa.internal.util.LogHelper  : HHH000204: Processing PersistenceUnitInfo [
	name: default
	...]
2019-09-12 11:12:26.543  INFO 9728 --- [restartedMain] com.alibaba.druid.pool.DruidDataSource   : {dataSource-3,mysqlDataSource} inited
2019-09-12 11:12:26.547  INFO 9728 --- [restartedMain] org.hibernate.dialect.Dialect            : HHH000400: Using dialect: org.hibernate.dialect.MySQL55Dialect
2019-09-12 11:12:26.936  INFO 9728 --- [restartedMain] j.LocalContainerEntityManagerFactoryBean : Initialized JPA EntityManagerFactory for persistence unit 'default'
2019-09-12 11:12:26.940  INFO 9728 --- [restartedMain] nfigOne$$EnhancerBySpringCGLIB$$7bbf9a2e : >>>>>>>>>>org.springframework.orm.jpa.JpaTransactionManager
2019-09-12 11:12:27.094  INFO 9728 --- [restartedMain] o.s.s.concurrent.ThreadPoolTaskExecutor  : Initializing ExecutorService 'applicationTaskExecutor'
2019-09-12 11:12:27.269  INFO 9728 --- [restartedMain] o.s.b.d.a.OptionalLiveReloadServer       : LiveReload server is running on port 35729
2019-09-12 11:12:27.308  INFO 9728 --- [restartedMain] o.s.b.w.embedded.tomcat.TomcatWebServer  : Tomcat started on port(s): 8081 (http) with context path ''
2019-09-12 11:12:27.309  INFO 9728 --- [restartedMain] com.ggr.blog.BlogApplication             : Started BlogApplication in 2.759 seconds (JVM running for 1504.603)
2019-09-12 11:12:27.315  INFO 9728 --- [restartedMain] .ConditionEvaluationDeltaLoggingListener : Condition evaluation unchanged
2019-09-12 11:12:32.801  INFO 9728 --- [http-nio-8081-exec-10] o.a.c.c.C.[Tomcat].[localhost].[/]       : Initializing Spring DispatcherServlet 'dispatcherServlet'
2019-09-12 11:12:32.802  INFO 9728 --- [http-nio-8081-exec-10] o.s.web.servlet.DispatcherServlet        : Initializing Servlet 'dispatcherServlet'
2019-09-12 11:12:32.808  INFO 9728 --- [http-nio-8081-exec-10] o.s.web.servlet.DispatcherServlet        : Completed initialization in 5 ms
2019-09-12 11:14:44.220  INFO 9728 --- [Thread-61] o.s.s.concurrent.ThreadPoolTaskExecutor  : Shutting down ExecutorService 'applicationTaskExecutor'
2019-09-12 11:14:44.222  INFO 9728 --- [Thread-61] com.alibaba.druid.pool.DruidDataSource   : {dataSource-0} closing ...
2019-09-12 11:14:44.222  INFO 9728 --- [Thread-61] com.alibaba.druid.pool.DruidDataSource   : {dataSource-3} closing ...
2019-09-12 11:14:44.223  INFO 9728 --- [Thread-61] com.alibaba.druid.pool.DruidDataSource   : {dataSource-3} closed
2019-09-12 11:14:45.157  INFO 9728 --- [restartedMain] com.ggr.blog.BlogApplication             : Starting BlogApplication on MrWRong with PID 9728 (C:\Users\gr\Documents\GGR\blog\target\classes started by gr in C:\Users\gr\Documents\GGR)
2019-09-12 11:14:45.157  INFO 9728 --- [restartedMain] com.ggr.blog.BlogApplication             : The following profiles are active: dev
2019-09-12 11:14:45.876  INFO 9728 --- [restartedMain] .s.d.r.c.RepositoryConfigurationDelegate : Bootstrapping Spring Data repositories in DEFAULT mode.
2019-09-12 11:14:45.891  INFO 9728 --- [restartedMain] .s.d.r.c.RepositoryConfigurationDelegate : Finished Spring Data repository scanning in 15ms. Found 1 repository interfaces.
2019-09-12 11:14:46.021  INFO 9728 --- [restartedMain] trationDelegate$BeanPostProcessorChecker : Bean 'org.springframework.ws.config.annotation.DelegatingWsConfiguration' of type [org.springframework.ws.config.annotation.DelegatingWsConfiguration$$EnhancerBySpringCGLIB$$83ba5657] is not eligible for getting processed by all BeanPostProcessors (for example: not eligible for auto-proxying)
2019-09-12 11:14:46.023  INFO 9728 --- [restartedMain] .w.s.a.s.AnnotationActionEndpointMapping : Supporting [WS-Addressing August 2004, WS-Addressing 1.0]
2019-09-12 11:14:46.039  INFO 9728 --- [restartedMain] trationDelegate$BeanPostProcessorChecker : Bean 'org.springframework.transaction.annotation.ProxyTransactionManagementConfiguration' of type [org.springframework.transaction.annotation.ProxyTransactionManagementConfiguration$$EnhancerBySpringCGLIB$$df229158] is not eligible for getting processed by all BeanPostProcessors (for example: not eligible for auto-proxying)
2019-09-12 11:14:46.253  INFO 9728 --- [restartedMain] o.s.b.w.embedded.tomcat.TomcatWebServer  : Tomcat initialized with port(s): 8081 (http)
2019-09-12 11:14:46.266  INFO 9728 --- [restartedMain] o.apache.catalina.core.StandardService   : Starting service [Tomcat]
2019-09-12 11:14:46.267  INFO 9728 --- [restartedMain] org.apache.catalina.core.StandardEngine  : Starting Servlet engine: [Apache Tomcat/9.0.22]
2019-09-12 11:14:46.267  INFO 9728 --- [restartedMain] o.a.catalina.core.AprLifecycleListener   : An older version [1.2.17] of the APR based Apache Tomcat Native library is installed, while Tomcat recommends a minimum version of [1.2.23]
2019-09-12 11:14:46.268  INFO 9728 --- [restartedMain] o.a.catalina.core.AprLifecycleListener   : Loaded APR based Apache Tomcat Native library [1.2.17] using APR version [1.6.3].
2019-09-12 11:14:46.269  INFO 9728 --- [restartedMain] o.a.catalina.core.AprLifecycleListener   : APR capabilities: IPv6 [true], sendfile [true], accept filters [false], random [true].
2019-09-12 11:14:46.269  INFO 9728 --- [restartedMain] o.a.catalina.core.AprLifecycleListener   : APR/OpenSSL configuration: useAprConnector [false], useOpenSSL [true]
2019-09-12 11:14:46.269  INFO 9728 --- [restartedMain] o.a.catalina.core.AprLifecycleListener   : OpenSSL successfully initialized [OpenSSL 1.0.2o  27 Mar 2018]
2019-09-12 11:14:46.368  INFO 9728 --- [restartedMain] o.a.c.c.C.[Tomcat].[localhost].[/]       : Initializing Spring embedded WebApplicationContext
2019-09-12 11:14:46.368  INFO 9728 --- [restartedMain] o.s.web.context.ContextLoader            : Root WebApplicationContext: initialization completed in 1207 ms
2019-09-12 11:14:46.770  INFO 9728 --- [restartedMain] o.hibernate.jpa.internal.util.LogHelper  : HHH000204: Processing PersistenceUnitInfo [
	name: default
	...]
2019-09-12 11:14:46.829  INFO 9728 --- [restartedMain] com.alibaba.druid.pool.DruidDataSource   : {dataSource-4,mysqlDataSource} inited
2019-09-12 11:14:46.833  INFO 9728 --- [restartedMain] org.hibernate.dialect.Dialect            : HHH000400: Using dialect: org.hibernate.dialect.MySQL55Dialect
2019-09-12 11:14:47.163  INFO 9728 --- [restartedMain] j.LocalContainerEntityManagerFactoryBean : Initialized JPA EntityManagerFactory for persistence unit 'default'
2019-09-12 11:14:47.235  INFO 9728 --- [restartedMain] nfigOne$$EnhancerBySpringCGLIB$$7bbf9a2e : >>>>>>>>>>org.springframework.orm.jpa.JpaTransactionManager
2019-09-12 11:14:47.403  INFO 9728 --- [restartedMain] o.s.s.concurrent.ThreadPoolTaskExecutor  : Initializing ExecutorService 'applicationTaskExecutor'
2019-09-12 11:14:47.856  INFO 9728 --- [restartedMain] o.s.b.d.a.OptionalLiveReloadServer       : LiveReload server is running on port 35729
2019-09-12 11:14:47.895  INFO 9728 --- [restartedMain] o.s.b.w.embedded.tomcat.TomcatWebServer  : Tomcat started on port(s): 8081 (http) with context path ''
2019-09-12 11:14:47.896  INFO 9728 --- [restartedMain] com.ggr.blog.BlogApplication             : Started BlogApplication in 2.822 seconds (JVM running for 1645.191)
2019-09-12 11:14:47.900  INFO 9728 --- [restartedMain] .ConditionEvaluationDeltaLoggingListener : Condition evaluation unchanged
2019-09-12 11:14:51.472  INFO 9728 --- [http-nio-8081-exec-9] o.a.c.c.C.[Tomcat].[localhost].[/]       : Initializing Spring DispatcherServlet 'dispatcherServlet'
2019-09-12 11:14:51.474  INFO 9728 --- [http-nio-8081-exec-9] o.s.web.servlet.DispatcherServlet        : Initializing Servlet 'dispatcherServlet'
2019-09-12 11:14:51.479  INFO 9728 --- [http-nio-8081-exec-9] o.s.web.servlet.DispatcherServlet        : Completed initialization in 5 ms
2019-09-12 11:14:51.481  INFO 9728 --- [http-nio-8081-exec-9] o.h.h.i.QueryTranslatorFactoryInitiator  : HHH000397: Using ASTQueryTranslatorFactory
2019-09-12 17:48:29.079  INFO 9728 --- [Thread-67] o.s.s.concurrent.ThreadPoolTaskExecutor  : Shutting down ExecutorService 'applicationTaskExecutor'
2019-09-12 17:48:29.080  INFO 9728 --- [Thread-67] com.alibaba.druid.pool.DruidDataSource   : {dataSource-0} closing ...
2019-09-12 17:48:29.082  INFO 9728 --- [Thread-67] com.alibaba.druid.pool.DruidDataSource   : {dataSource-4} closing ...
2019-09-12 17:48:29.083  INFO 9728 --- [Thread-67] com.alibaba.druid.pool.DruidDataSource   : {dataSource-4} closed
2019-09-12 17:48:30.784  INFO 9728 --- [restartedMain] com.ggr.blog.BlogApplication             : Starting BlogApplication on MrWRong with PID 9728 (C:\Users\gr\Documents\GGR\blog\target\classes started by gr in C:\Users\gr\Documents\GGR)
2019-09-12 17:48:30.784  INFO 9728 --- [restartedMain] com.ggr.blog.BlogApplication             : The following profiles are active: dev
2019-09-12 17:48:31.776  INFO 9728 --- [restartedMain] .s.d.r.c.RepositoryConfigurationDelegate : Bootstrapping Spring Data repositories in DEFAULT mode.
2019-09-12 17:48:31.808  INFO 9728 --- [restartedMain] .s.d.r.c.RepositoryConfigurationDelegate : Finished Spring Data repository scanning in 31ms. Found 1 repository interfaces.
2019-09-12 17:48:32.043  INFO 9728 --- [restartedMain] trationDelegate$BeanPostProcessorChecker : Bean 'org.springframework.ws.config.annotation.DelegatingWsConfiguration' of type [org.springframework.ws.config.annotation.DelegatingWsConfiguration$$EnhancerBySpringCGLIB$$83ba5657] is not eligible for getting processed by all BeanPostProcessors (for example: not eligible for auto-proxying)
2019-09-12 17:48:32.046  INFO 9728 --- [restartedMain] .w.s.a.s.AnnotationActionEndpointMapping : Supporting [WS-Addressing August 2004, WS-Addressing 1.0]
2019-09-12 17:48:32.056  INFO 9728 --- [restartedMain] trationDelegate$BeanPostProcessorChecker : Bean 'org.springframework.transaction.annotation.ProxyTransactionManagementConfiguration' of type [org.springframework.transaction.annotation.ProxyTransactionManagementConfiguration$$EnhancerBySpringCGLIB$$df229158] is not eligible for getting processed by all BeanPostProcessors (for example: not eligible for auto-proxying)
2019-09-12 17:48:32.416  INFO 9728 --- [restartedMain] o.s.b.w.embedded.tomcat.TomcatWebServer  : Tomcat initialized with port(s): 8081 (http)
2019-09-12 17:48:32.417  INFO 9728 --- [restartedMain] o.apache.catalina.core.StandardService   : Starting service [Tomcat]
2019-09-12 17:48:32.418  INFO 9728 --- [restartedMain] org.apache.catalina.core.StandardEngine  : Starting Servlet engine: [Apache Tomcat/9.0.22]
2019-09-12 17:48:32.419  INFO 9728 --- [restartedMain] o.a.catalina.core.AprLifecycleListener   : An older version [1.2.17] of the APR based Apache Tomcat Native library is installed, while Tomcat recommends a minimum version of [1.2.23]
2019-09-12 17:48:32.420  INFO 9728 --- [restartedMain] o.a.catalina.core.AprLifecycleListener   : Loaded APR based Apache Tomcat Native library [1.2.17] using APR version [1.6.3].
2019-09-12 17:48:32.420  INFO 9728 --- [restartedMain] o.a.catalina.core.AprLifecycleListener   : APR capabilities: IPv6 [true], sendfile [true], accept filters [false], random [true].
2019-09-12 17:48:32.420  INFO 9728 --- [restartedMain] o.a.catalina.core.AprLifecycleListener   : APR/OpenSSL configuration: useAprConnector [false], useOpenSSL [true]
2019-09-12 17:48:32.421  INFO 9728 --- [restartedMain] o.a.catalina.core.AprLifecycleListener   : OpenSSL successfully initialized [OpenSSL 1.0.2o  27 Mar 2018]
2019-09-12 17:48:32.627  INFO 9728 --- [restartedMain] o.a.c.c.C.[Tomcat].[localhost].[/]       : Initializing Spring embedded WebApplicationContext
2019-09-12 17:48:32.642  INFO 9728 --- [restartedMain] o.s.web.context.ContextLoader            : Root WebApplicationContext: initialization completed in 1848 ms
2019-09-12 17:48:32.747  WARN 9728 --- [restartedMain] ConfigServletWebServerApplicationContext : Exception encountered during context initialization - cancelling refresh attempt: org.springframework.beans.factory.BeanCreationException: Error creating bean with name 'commentsAction' defined in file [C:\Users\gr\Documents\GGR\blog\target\classes\com\ggr\blog\webapp\action\CommentsAction.class]: Post-processing of merged bean definition failed; nested exception is java.lang.IllegalStateException: Failed to introspect Class [com.ggr.blog.webapp.action.CommentsAction] from ClassLoader [org.springframework.boot.devtools.restart.classloader.RestartClassLoader@4af507b6]
2019-09-12 17:48:32.747  INFO 9728 --- [restartedMain] com.alibaba.druid.pool.DruidDataSource   : {dataSource-0} closing ...
2019-09-12 17:48:32.748  INFO 9728 --- [restartedMain] o.apache.catalina.core.StandardService   : Stopping service [Tomcat]
2019-09-12 17:48:32.761  INFO 9728 --- [restartedMain] ConditionEvaluationReportLoggingListener : 

Error starting ApplicationContext. To display the conditions report re-run your application with 'debug' enabled.
2019-09-12 17:48:32.791 ERROR 9728 --- [restartedMain] o.s.boot.SpringApplication               : Application run failed

org.springframework.beans.factory.BeanCreationException: Error creating bean with name 'commentsAction' defined in file [C:\Users\gr\Documents\GGR\blog\target\classes\com\ggr\blog\webapp\action\CommentsAction.class]: Post-processing of merged bean definition failed; nested exception is java.lang.IllegalStateException: Failed to introspect Class [com.ggr.blog.webapp.action.CommentsAction] from ClassLoader [org.springframework.boot.devtools.restart.classloader.RestartClassLoader@4af507b6]
	at org.springframework.beans.factory.support.AbstractAutowireCapableBeanFactory.doCreateBean(AbstractAutowireCapableBeanFactory.java:570) ~[spring-beans-5.1.9.RELEASE.jar:5.1.9.RELEASE]
	at org.springframework.beans.factory.support.AbstractAutowireCapableBeanFactory.createBean(AbstractAutowireCapableBeanFactory.java:515) ~[spring-beans-5.1.9.RELEASE.jar:5.1.9.RELEASE]
	at org.springframework.beans.factory.support.AbstractBeanFactory.lambda$doGetBean$0(AbstractBeanFactory.java:320) ~[spring-beans-5.1.9.RELEASE.jar:5.1.9.RELEASE]
	at org.springframework.beans.factory.support.DefaultSingletonBeanRegistry.getSingleton(DefaultSingletonBeanRegistry.java:222) ~[spring-beans-5.1.9.RELEASE.jar:5.1.9.RELEASE]
	at org.springframework.beans.factory.support.AbstractBeanFactory.doGetBean(AbstractBeanFactory.java:318) ~[spring-beans-5.1.9.RELEASE.jar:5.1.9.RELEASE]
	at org.springframework.beans.factory.support.AbstractBeanFactory.getBean(AbstractBeanFactory.java:199) ~[spring-beans-5.1.9.RELEASE.jar:5.1.9.RELEASE]
	at org.springframework.beans.factory.support.DefaultListableBeanFactory.preInstantiateSingletons(DefaultListableBeanFactory.java:845) ~[spring-beans-5.1.9.RELEASE.jar:5.1.9.RELEASE]
	at org.springframework.context.support.AbstractApplicationContext.finishBeanFactoryInitialization(AbstractApplicationContext.java:877) ~[spring-context-5.1.9.RELEASE.jar:5.1.9.RELEASE]
	at org.springframework.context.support.AbstractApplicationContext.refresh(AbstractApplicationContext.java:549) ~[spring-context-5.1.9.RELEASE.jar:5.1.9.RELEASE]
	at org.springframework.boot.web.servlet.context.ServletWebServerApplicationContext.refresh(ServletWebServerApplicationContext.java:141) ~[spring-boot-2.1.7.RELEASE.jar:2.1.7.RELEASE]
	at org.springframework.boot.SpringApplication.refresh(SpringApplication.java:743) [spring-boot-2.1.7.RELEASE.jar:2.1.7.RELEASE]
	at org.springframework.boot.SpringApplication.refreshContext(SpringApplication.java:390) [spring-boot-2.1.7.RELEASE.jar:2.1.7.RELEASE]
	at org.springframework.boot.SpringApplication.run(SpringApplication.java:312) [spring-boot-2.1.7.RELEASE.jar:2.1.7.RELEASE]
	at org.springframework.boot.SpringApplication.run(SpringApplication.java:1214) [spring-boot-2.1.7.RELEASE.jar:2.1.7.RELEASE]
	at org.springframework.boot.SpringApplication.run(SpringApplication.java:1203) [spring-boot-2.1.7.RELEASE.jar:2.1.7.RELEASE]
	at com.ggr.blog.BlogApplication.main(BlogApplication.java:12) [classes/:na]
	at sun.reflect.NativeMethodAccessorImpl.invoke0(Native Method) ~[na:1.8.0_151]
	at sun.reflect.NativeMethodAccessorImpl.invoke(NativeMethodAccessorImpl.java:62) ~[na:1.8.0_151]
	at sun.reflect.DelegatingMethodAccessorImpl.invoke(DelegatingMethodAccessorImpl.java:43) ~[na:1.8.0_151]
	at java.lang.reflect.Method.invoke(Method.java:498) ~[na:1.8.0_151]
	at org.springframework.boot.devtools.restart.RestartLauncher.run(RestartLauncher.java:49) [spring-boot-devtools-2.1.7.RELEASE.jar:2.1.7.RELEASE]
Caused by: java.lang.IllegalStateException: Failed to introspect Class [com.ggr.blog.webapp.action.CommentsAction] from ClassLoader [org.springframework.boot.devtools.restart.classloader.RestartClassLoader@4af507b6]
	at org.springframework.util.ReflectionUtils.getDeclaredFields(ReflectionUtils.java:760) ~[spring-core-5.1.9.RELEASE.jar:5.1.9.RELEASE]
	at org.springframework.util.ReflectionUtils.doWithLocalFields(ReflectionUtils.java:692) ~[spring-core-5.1.9.RELEASE.jar:5.1.9.RELEASE]
	at org.springframework.orm.jpa.support.PersistenceAnnotationBeanPostProcessor.buildPersistenceMetadata(PersistenceAnnotationBeanPostProcessor.java:422) ~[spring-orm-5.1.9.RELEASE.jar:5.1.9.RELEASE]
	at org.springframework.orm.jpa.support.PersistenceAnnotationBeanPostProcessor.findPersistenceMetadata(PersistenceAnnotationBeanPostProcessor.java:406) ~[spring-orm-5.1.9.RELEASE.jar:5.1.9.RELEASE]
	at org.springframework.orm.jpa.support.PersistenceAnnotationBeanPostProcessor.postProcessMergedBeanDefinition(PersistenceAnnotationBeanPostProcessor.java:333) ~[spring-orm-5.1.9.RELEASE.jar:5.1.9.RELEASE]
	at org.springframework.beans.factory.support.AbstractAutowireCapableBeanFactory.applyMergedBeanDefinitionPostProcessors(AbstractAutowireCapableBeanFactory.java:1077) ~[spring-beans-5.1.9.RELEASE.jar:5.1.9.RELEASE]
	at org.springframework.beans.factory.support.AbstractAutowireCapableBeanFactory.doCreateBean(AbstractAutowireCapableBeanFactory.java:567) ~[spring-beans-5.1.9.RELEASE.jar:5.1.9.RELEASE]
	... 20 common frames omitted
Caused by: java.lang.NoClassDefFoundError: Lcom/ggr/blog/service/ArticleService;
	at java.lang.Class.getDeclaredFields0(Native Method) ~[na:1.8.0_151]
	at java.lang.Class.privateGetDeclaredFields(Class.java:2583) ~[na:1.8.0_151]
	at java.lang.Class.getDeclaredFields(Class.java:1916) ~[na:1.8.0_151]
	at org.springframework.util.ReflectionUtils.getDeclaredFields(ReflectionUtils.java:755) ~[spring-core-5.1.9.RELEASE.jar:5.1.9.RELEASE]
	... 26 common frames omitted
Caused by: java.lang.ClassNotFoundException: com.ggr.blog.service.ArticleService
	at java.net.URLClassLoader.findClass(URLClassLoader.java:381) ~[na:1.8.0_151]
	at java.lang.ClassLoader.loadClass(ClassLoader.java:424) ~[na:1.8.0_151]
	at sun.misc.Launcher$AppClassLoader.loadClass(Launcher.java:335) ~[na:1.8.0_151]
	at java.lang.ClassLoader.loadClass(ClassLoader.java:357) ~[na:1.8.0_151]
	at org.springframework.boot.devtools.restart.classloader.RestartClassLoader.loadClass(RestartClassLoader.java:144) ~[spring-boot-devtools-2.1.7.RELEASE.jar:2.1.7.RELEASE]
	at java.lang.ClassLoader.loadClass(ClassLoader.java:357) ~[na:1.8.0_151]
	... 30 common frames omitted

